<?xml version="1.0" encoding="UTF-8"?>
<coverage generated="1720911150493" clover="3.2.0">
  <project timestamp="1720911150493" name="All files">
    <metrics statements="43" coveredstatements="29" conditionals="12" coveredconditionals="4" methods="10" coveredmethods="6" elements="65" coveredelements="39" complexity="0" loc="43" ncloc="43" packages="1" files="1" classes="1"/>
    <file name="index.js" path="C:\Users\Usuario\Desktop\Desafio_Latam\Desafios\Prueba_Cafeteria_Nanacao\index.js">
      <metrics statements="43" coveredstatements="29" conditionals="12" coveredconditionals="4" methods="10" coveredmethods="6"/>
      <line num="1" count="1" type="stmt"/>
      <line num="2" count="1" type="stmt"/>
      <line num="4" count="1" type="stmt"/>
      <line num="6" count="1" type="stmt"/>
      <line num="8" count="1" type="stmt"/>
      <line num="10" count="1" type="stmt"/>
      <line num="11" count="2" type="stmt"/>
      <line num="14" count="1" type="stmt"/>
      <line num="15" count="0" type="stmt"/>
      <line num="16" count="0" type="stmt"/>
      <line num="17" count="0" type="cond" truecount="0" falsecount="2"/>
      <line num="18" count="0" type="stmt"/>
      <line num="21" count="1" type="stmt"/>
      <line num="22" count="1" type="stmt"/>
      <line num="23" count="1" type="stmt"/>
      <line num="24" count="4" type="stmt"/>
      <line num="25" count="1" type="cond" truecount="1" falsecount="1"/>
      <line num="27" count="1" type="stmt"/>
      <line num="28" count="1" type="stmt"/>
      <line num="32" count="1" type="stmt"/>
      <line num="33" count="1" type="stmt"/>
      <line num="34" count="1" type="stmt"/>
      <line num="35" count="1" type="cond" truecount="1" falsecount="1"/>
      <line num="36" count="1" type="stmt"/>
      <line num="42" count="0" type="stmt"/>
      <line num="43" count="0" type="cond" truecount="0" falsecount="2"/>
      <line num="44" count="0" type="stmt"/>
      <line num="45" count="0" type="stmt"/>
      <line num="47" count="0" type="stmt"/>
      <line num="53" count="1" type="stmt"/>
      <line num="54" count="1" type="stmt"/>
      <line num="55" count="1" type="cond" truecount="1" falsecount="1"/>
      <line num="56" count="1" type="stmt"/>
      <line num="57" count="4" type="stmt"/>
      <line num="59" count="1" type="cond" truecount="1" falsecount="1"/>
      <line num="60" count="0" type="stmt"/>
      <line num="61" count="0" type="stmt"/>
      <line num="62" count="0" type="stmt"/>
      <line num="64" count="1" type="stmt"/>
      <line num="67" count="0" type="stmt"/>
      <line num="70" count="1" type="stmt"/>
      <line num="71" count="0" type="stmt"/>
      <line num="74" count="1" type="stmt"/>
    </file>
  </project>
</coverage>
